{\rtf1\ansi\ansicpg1252\deff0\deflang3082\deflangfe3082\deftab708{\fonttbl{\f0\fswiss\fprq2\fcharset0 Arial;}}{\colortbl ;\red0\green0\blue255;\red200\green160\blue0;\red080\green160\blue0;\red170\green0\blue0;\red180\green90\blue180;\red255\green255\blue255;}\viewkind4\uc1\pard\nowidctlpar\lang1033\f0\fs18\cf3 ---------------------------------------------------------------------- current system paths \b0\cf0\par
\cf3 -- + c:\\bcd\\prg\\igc10 \b0\cf0\par
\cf3 -- + c:\\bcd\\prg\\pcomp\\hb32_bc55\\bin\\ \b0\cf0\par
\cf3 -- + c:\\bcd\\prg\\comp\\bcc55\\bin\\ \b0\cf0\par
\cf3 -- + c:\\windows\\system32 \b0\cf0\par
\cf3 -- + c:\\windows \b0\cf0\par
\cf3 -- + c:\\windows\\system32\\wbem \b0\cf0\par
\cf3 -- + c:\\windows\\system32\\windowspowershell\\v1.0\\ \b0\cf0\par
\cf3 -- + c:\\windows\\system32\\openssh\\ \b0\cf0\par
\cf3 -- + c:\\program files\\git\\cmd \b0\cf0\par
\cf3 -- + c:\\bcd\\herrams \b0\cf0\par
\cf3 -- + c:\\program files (x86)\\common files\\oracle\\java\\javapath \b0\cf0\par
\cf3 -- + c:\\bcd\\prg\\comp\\mgw92\\bin \b0\cf0\par
\cf3 -- + c:\\users\\usuario\\appdata\\local\\microsoft\\windowsapps \b0\cf0\par
\cf3 -- + c:\\users\\usuario\\appdata\\local\\githubdesktop\\bin \b0\cf0\par
\cf3 ---------------------------------------------------------------------- paths del proyecto \b0\cf0\par
\cf3 -- + c:\\bcd\\prg\\igc6src \b0\cf0\par
\cf3 -- + c:\\bcd\\prg\\pcomp\\hb32_mgw101\\bin\\ \b0\cf0\par
\cf3 -- + c:\\bcd\\prg\\comp\\mgw101\\bin\\ \b0\cf0\par
\cf3 ---------------------------------------------------------------------- include paths \b0\cf0\par
\cf3 -- + c:\\bcd\\prg\\hmg\\34bcd\\hmg\\samples\\basics\\hello_world\\ \b0\cf0\par
\cf3 -- + c:\\bcd\\prg\\pcomp\\hb32_mgw101\\include\\ \b0\cf0\par
\cf3 -- + c:\\bcd\\prg\\comp\\mgw101\\i686-w64-mingw32\\include\\ \b0\cf0\par
\cf0 -- \b0\cf0\par
\cf3 -- Pre Compilation Todos los fuentes \b0\cf0\par
\cf0 Harbour 3.2.0dev (r2006301601) \b0\cf0\par
\cf0 Copyright (c) 1999-2020, https://harbour.github.io/ \b0\cf0\par
\cf1 Compiling 'c:\\bcd\\prg\\hmg\\34bcd\\hmg\\samples\\basics\\hello_world\\hello.prg'... \b0\cf0\par
\cf4\b c:\\bcd\\prg\\hmg\\34bcd\\hmg\\samples\\basics\\hello_world\\hello.prg(6) Error F0029  Can't open #include file 'hmg.ch' \b0\cf0\par
\cf3 -- End HRB task \b0\cf0\par
\cf4\b Error Harbour \b0\cf0\par
\cf4\b Error No fue creado OutPut file \b0\cf0\par
\cf3 -- Borrando archivos Temporales \b0\cf0\par
\cf3 -- End compile Process \b0\cf0\par
\cf0 Tiempo usado para compilar:    0:00:01 \b0\cf0\par
\fs24\cf0 Warnings: 0 \par
\cf0 Errores: 3 \par
\cf0 -------------------- \par}